<?xml version="1.0" encoding="UTF-8"?>
<!-- Generated by org.testng.reporters.JUnitReportReporter -->
<testsuite hostname="vyrazu66-ThinkCentre-M70t" failures="0" tests="2" name="com.test.project.TestHelloWorld" time="0.002" errors="0" timestamp="2023-02-20T18:38:40 IST" skipped="0">
  <testcase classname="com.test.project.TestHelloWorld" name="testHelloWorld" time="0.000"/>
  <testcase classname="com.test.project.TestHelloWorld" name="SecondTest" time="0.002"/>
</testsuite> <!-- com.test.project.TestHelloWorld -->
